[debug] [2023-09-04T04:41:50.072Z] ----------------------------------------------------------------------
[debug] [2023-09-04T04:41:50.074Z] Command:       C:\Program Files\nodejs\node.exe C:\Users\wtwen\AppData\Roaming\npm\node_modules\firebase-tools\lib\bin\firebase.js deploy --only functions:sendEmail --debug
[debug] [2023-09-04T04:41:50.074Z] CLI Version:   12.5.2
[debug] [2023-09-04T04:41:50.074Z] Platform:      win32
[debug] [2023-09-04T04:41:50.075Z] Node Version:  v18.16.0
[debug] [2023-09-04T04:41:50.075Z] Time:          Sun Sep 03 2023 23:41:50 GMT-0500 (Central Daylight Time)
[debug] [2023-09-04T04:41:50.076Z] ----------------------------------------------------------------------
[debug] 
[debug] [2023-09-04T04:41:50.140Z] > command requires scopes: ["email","openid","https://www.googleapis.com/auth/cloudplatformprojects.readonly","https://www.googleapis.com/auth/firebase","https://www.googleapis.com/auth/cloud-platform"]
[debug] [2023-09-04T04:41:50.141Z] > authorizing via signed-in user (wtwente.dev@gmail.com)
[debug] [2023-09-04T04:41:50.142Z] [iam] checking project westley-twente-portfolio-site for permissions ["cloudfunctions.functions.create","cloudfunctions.functions.delete","cloudfunctions.functions.get","cloudfunctions.functions.list","cloudfunctions.functions.update","cloudfunctions.operations.get","firebase.projects.get"]
[debug] [2023-09-04T04:41:50.144Z] >>> [apiv2][query] POST https://cloudresourcemanager.googleapis.com/v1/projects/westley-twente-portfolio-site:testIamPermissions [none]
[debug] [2023-09-04T04:41:50.145Z] >>> [apiv2][(partial)header] POST https://cloudresourcemanager.googleapis.com/v1/projects/westley-twente-portfolio-site:testIamPermissions x-goog-quota-user=projects/westley-twente-portfolio-site
[debug] [2023-09-04T04:41:50.145Z] >>> [apiv2][body] POST https://cloudresourcemanager.googleapis.com/v1/projects/westley-twente-portfolio-site:testIamPermissions {"permissions":["cloudfunctions.functions.create","cloudfunctions.functions.delete","cloudfunctions.functions.get","cloudfunctions.functions.list","cloudfunctions.functions.update","cloudfunctions.operations.get","firebase.projects.get"]}
[debug] [2023-09-04T04:41:50.364Z] <<< [apiv2][status] POST https://cloudresourcemanager.googleapis.com/v1/projects/westley-twente-portfolio-site:testIamPermissions 200
[debug] [2023-09-04T04:41:50.365Z] <<< [apiv2][body] POST https://cloudresourcemanager.googleapis.com/v1/projects/westley-twente-portfolio-site:testIamPermissions {"permissions":["cloudfunctions.functions.create","cloudfunctions.functions.delete","cloudfunctions.functions.get","cloudfunctions.functions.list","cloudfunctions.functions.update","cloudfunctions.operations.get","firebase.projects.get"]}
[debug] [2023-09-04T04:41:50.366Z] >>> [apiv2][query] POST https://iam.googleapis.com/v1/projects/westley-twente-portfolio-site/serviceAccounts/westley-twente-portfolio-site@appspot.gserviceaccount.com:testIamPermissions [none]
[debug] [2023-09-04T04:41:50.366Z] >>> [apiv2][body] POST https://iam.googleapis.com/v1/projects/westley-twente-portfolio-site/serviceAccounts/westley-twente-portfolio-site@appspot.gserviceaccount.com:testIamPermissions {"permissions":["iam.serviceAccounts.actAs"]}
[debug] [2023-09-04T04:41:50.541Z] <<< [apiv2][status] POST https://iam.googleapis.com/v1/projects/westley-twente-portfolio-site/serviceAccounts/westley-twente-portfolio-site@appspot.gserviceaccount.com:testIamPermissions 200
[debug] [2023-09-04T04:41:50.541Z] <<< [apiv2][body] POST https://iam.googleapis.com/v1/projects/westley-twente-portfolio-site/serviceAccounts/westley-twente-portfolio-site@appspot.gserviceaccount.com:testIamPermissions {"permissions":["iam.serviceAccounts.actAs"]}
[info] 
[info] === Deploying to 'westley-twente-portfolio-site'...
[info] 
[info] i  deploying functions 
[debug] [2023-09-04T04:41:50.545Z] >>> [apiv2][query] GET https://firebase.googleapis.com/v1beta1/projects/westley-twente-portfolio-site [none]
[debug] [2023-09-04T04:41:50.748Z] <<< [apiv2][status] GET https://firebase.googleapis.com/v1beta1/projects/westley-twente-portfolio-site 200
[debug] [2023-09-04T04:41:50.749Z] <<< [apiv2][body] GET https://firebase.googleapis.com/v1beta1/projects/westley-twente-portfolio-site {"projectId":"westley-twente-portfolio-site","projectNumber":"194403437323","displayName":"Westley Twente Portfolio Site","name":"projects/westley-twente-portfolio-site","resources":{"hostingSite":"westley-twente-portfolio-site"},"state":"ACTIVE","etag":"1_cf521314-22bb-4d87-b263-b7443d4401e9"}
[info] i  functions: preparing codebase default for deployment 
[info] i  functions: ensuring required API cloudfunctions.googleapis.com is enabled... 
[info] i  functions: ensuring required API cloudbuild.googleapis.com is enabled... 
[info] i  artifactregistry: ensuring required API artifactregistry.googleapis.com is enabled... 
[debug] [2023-09-04T04:41:50.751Z] >>> [apiv2][query] GET https://serviceusage.googleapis.com/v1/projects/westley-twente-portfolio-site/services/cloudfunctions.googleapis.com [none]
[debug] [2023-09-04T04:41:50.752Z] >>> [apiv2][(partial)header] GET https://serviceusage.googleapis.com/v1/projects/westley-twente-portfolio-site/services/cloudfunctions.googleapis.com x-goog-quota-user=projects/westley-twente-portfolio-site
[debug] [2023-09-04T04:41:50.753Z] >>> [apiv2][query] GET https://serviceusage.googleapis.com/v1/projects/westley-twente-portfolio-site/services/runtimeconfig.googleapis.com [none]
[debug] [2023-09-04T04:41:50.753Z] >>> [apiv2][(partial)header] GET https://serviceusage.googleapis.com/v1/projects/westley-twente-portfolio-site/services/runtimeconfig.googleapis.com x-goog-quota-user=projects/westley-twente-portfolio-site
[debug] [2023-09-04T04:41:50.755Z] >>> [apiv2][query] GET https://serviceusage.googleapis.com/v1/projects/westley-twente-portfolio-site/services/cloudbuild.googleapis.com [none]
[debug] [2023-09-04T04:41:50.755Z] >>> [apiv2][(partial)header] GET https://serviceusage.googleapis.com/v1/projects/westley-twente-portfolio-site/services/cloudbuild.googleapis.com x-goog-quota-user=projects/westley-twente-portfolio-site
[debug] [2023-09-04T04:41:50.756Z] >>> [apiv2][query] GET https://serviceusage.googleapis.com/v1/projects/westley-twente-portfolio-site/services/artifactregistry.googleapis.com [none]
[debug] [2023-09-04T04:41:50.756Z] >>> [apiv2][(partial)header] GET https://serviceusage.googleapis.com/v1/projects/westley-twente-portfolio-site/services/artifactregistry.googleapis.com x-goog-quota-user=projects/westley-twente-portfolio-site
[debug] [2023-09-04T04:41:51.071Z] <<< [apiv2][status] GET https://serviceusage.googleapis.com/v1/projects/westley-twente-portfolio-site/services/artifactregistry.googleapis.com 200
[debug] [2023-09-04T04:41:51.072Z] <<< [apiv2][body] GET https://serviceusage.googleapis.com/v1/projects/westley-twente-portfolio-site/services/artifactregistry.googleapis.com [omitted]
[info] +  artifactregistry: required API artifactregistry.googleapis.com is enabled 
[debug] [2023-09-04T04:41:51.075Z] <<< [apiv2][status] GET https://serviceusage.googleapis.com/v1/projects/westley-twente-portfolio-site/services/cloudfunctions.googleapis.com 200
[debug] [2023-09-04T04:41:51.076Z] <<< [apiv2][body] GET https://serviceusage.googleapis.com/v1/projects/westley-twente-portfolio-site/services/cloudfunctions.googleapis.com [omitted]
[info] +  functions: required API cloudfunctions.googleapis.com is enabled 
[debug] [2023-09-04T04:41:51.080Z] <<< [apiv2][status] GET https://serviceusage.googleapis.com/v1/projects/westley-twente-portfolio-site/services/runtimeconfig.googleapis.com 200
[debug] [2023-09-04T04:41:51.081Z] <<< [apiv2][body] GET https://serviceusage.googleapis.com/v1/projects/westley-twente-portfolio-site/services/runtimeconfig.googleapis.com [omitted]
[debug] [2023-09-04T04:41:51.084Z] <<< [apiv2][status] GET https://serviceusage.googleapis.com/v1/projects/westley-twente-portfolio-site/services/cloudbuild.googleapis.com 200
[debug] [2023-09-04T04:41:51.084Z] <<< [apiv2][body] GET https://serviceusage.googleapis.com/v1/projects/westley-twente-portfolio-site/services/cloudbuild.googleapis.com [omitted]
[info] +  functions: required API cloudbuild.googleapis.com is enabled 
[debug] [2023-09-04T04:41:51.086Z] >>> [apiv2][query] GET https://firebase.googleapis.com/v1beta1/projects/westley-twente-portfolio-site/adminSdkConfig [none]
[debug] [2023-09-04T04:41:51.255Z] <<< [apiv2][status] GET https://firebase.googleapis.com/v1beta1/projects/westley-twente-portfolio-site/adminSdkConfig 200
[debug] [2023-09-04T04:41:51.255Z] <<< [apiv2][body] GET https://firebase.googleapis.com/v1beta1/projects/westley-twente-portfolio-site/adminSdkConfig {"projectId":"westley-twente-portfolio-site","storageBucket":"westley-twente-portfolio-site.appspot.com"}
[debug] [2023-09-04T04:41:51.256Z] >>> [apiv2][query] GET https://runtimeconfig.googleapis.com/v1beta1/projects/westley-twente-portfolio-site/configs [none]
[debug] [2023-09-04T04:41:51.476Z] <<< [apiv2][status] GET https://runtimeconfig.googleapis.com/v1beta1/projects/westley-twente-portfolio-site/configs 200
[debug] [2023-09-04T04:41:51.476Z] <<< [apiv2][body] GET https://runtimeconfig.googleapis.com/v1beta1/projects/westley-twente-portfolio-site/configs {"configs":[{"name":"projects/westley-twente-portfolio-site/configs/gmail"}]}
[debug] [2023-09-04T04:41:51.477Z] >>> [apiv2][query] GET https://runtimeconfig.googleapis.com/v1beta1/projects/westley-twente-portfolio-site/configs/gmail/variables [none]
[debug] [2023-09-04T04:41:51.616Z] <<< [apiv2][status] GET https://runtimeconfig.googleapis.com/v1beta1/projects/westley-twente-portfolio-site/configs/gmail/variables 200
[debug] [2023-09-04T04:41:51.616Z] <<< [apiv2][body] GET https://runtimeconfig.googleapis.com/v1beta1/projects/westley-twente-portfolio-site/configs/gmail/variables {"variables":[{"name":"projects/westley-twente-portfolio-site/configs/gmail/variables/email","updateTime":"2023-09-04T04:35:07.241050526Z"},{"name":"projects/westley-twente-portfolio-site/configs/gmail/variables/password","updateTime":"2023-09-04T04:35:07.256175507Z"}]}
[debug] [2023-09-04T04:41:51.617Z] >>> [apiv2][query] GET https://runtimeconfig.googleapis.com/v1beta1/projects/westley-twente-portfolio-site/configs/gmail/variables/email [none]
[debug] [2023-09-04T04:41:51.619Z] >>> [apiv2][query] GET https://runtimeconfig.googleapis.com/v1beta1/projects/westley-twente-portfolio-site/configs/gmail/variables/password [none]
[debug] [2023-09-04T04:41:51.810Z] <<< [apiv2][status] GET https://runtimeconfig.googleapis.com/v1beta1/projects/westley-twente-portfolio-site/configs/gmail/variables/email 200
[debug] [2023-09-04T04:41:51.812Z] <<< [apiv2][body] GET https://runtimeconfig.googleapis.com/v1beta1/projects/westley-twente-portfolio-site/configs/gmail/variables/email {"name":"projects/westley-twente-portfolio-site/configs/gmail/variables/email","updateTime":"2023-09-04T04:35:07.241050526Z","text":"wtwente.dev@gmail.com"}
[debug] [2023-09-04T04:41:52.025Z] <<< [apiv2][status] GET https://runtimeconfig.googleapis.com/v1beta1/projects/westley-twente-portfolio-site/configs/gmail/variables/password 200
[debug] [2023-09-04T04:41:52.026Z] <<< [apiv2][body] GET https://runtimeconfig.googleapis.com/v1beta1/projects/westley-twente-portfolio-site/configs/gmail/variables/password {"name":"projects/westley-twente-portfolio-site/configs/gmail/variables/password","updateTime":"2023-09-04T04:35:07.256175507Z","text":"Mnight67!"}
[debug] [2023-09-04T04:41:52.035Z] Validating nodejs source
[debug] [2023-09-04T04:41:53.282Z] > [functions] package.json contents: {
  "name": "functions",
  "description": "Cloud Functions for Firebase",
  "scripts": {
    "serve": "firebase emulators:start --only functions",
    "shell": "firebase functions:shell",
    "start": "npm run shell",
    "deploy": "firebase deploy --only functions",
    "logs": "firebase functions:log"
  },
  "engines": {
    "node": "18"
  },
  "main": "index.js",
  "dependencies": {
    "cors": "^2.8.5",
    "firebase-admin": "^11.8.0",
    "firebase-functions": "^4.3.1",
    "nodemailer": "^6.9.4"
  },
  "devDependencies": {
    "firebase-functions-test": "^3.1.0"
  },
  "private": true
}
[debug] [2023-09-04T04:41:53.285Z] Building nodejs source
[info] i  functions: Loading and analyzing source code for codebase default to determine what to deploy 
[debug] [2023-09-04T04:41:53.286Z] Could not find functions.yaml. Must use http discovery
[debug] [2023-09-04T04:41:53.292Z] Found firebase-functions binary at 'C:\Users\wtwen\development\portfolio\westleyTwenteSite\functions\node_modules\.bin\firebase-functions'
[info] Serving at port 8026

[debug] [2023-09-04T04:41:53.724Z] Got response from /__/functions.yaml {"endpoints":{"sendEmail":{"platform":"gcfv1","availableMemoryMb":null,"timeoutSeconds":null,"minInstances":null,"maxInstances":null,"ingressSettings":null,"serviceAccountEmail":null,"vpc":null,"httpsTrigger":{},"entryPoint":"sendEmail"}},"specVersion":"v1alpha1","requiredAPIs":[]}
[info] shutdown requested via /__/quitquitquit

[info] i  functions: preparing functions directory for uploading... 
[info] i  functions: packaged C:\Users\wtwen\development\portfolio\westleyTwenteSite\functions (66.62 KB) for uploading 
[debug] [2023-09-04T04:41:53.775Z] >>> [apiv2][query] GET https://cloudfunctions.googleapis.com/v1/projects/westley-twente-portfolio-site/locations/-/functions [none]
[debug] [2023-09-04T04:41:54.166Z] <<< [apiv2][status] GET https://cloudfunctions.googleapis.com/v1/projects/westley-twente-portfolio-site/locations/-/functions 200
[debug] [2023-09-04T04:41:54.167Z] <<< [apiv2][body] GET https://cloudfunctions.googleapis.com/v1/projects/westley-twente-portfolio-site/locations/-/functions {"functions":[{"name":"projects/westley-twente-portfolio-site/locations/us-central1/functions/sendEmail","httpsTrigger":{"url":"https://us-central1-westley-twente-portfolio-site.cloudfunctions.net/sendEmail","securityLevel":"SECURE_ALWAYS"},"status":"ACTIVE","entryPoint":"sendEmail","timeout":"60s","availableMemoryMb":256,"serviceAccountEmail":"westley-twente-portfolio-site@appspot.gserviceaccount.com","updateTime":"2023-09-04T04:39:12.131Z","versionId":"1","labels":{"deployment-tool":"cli-firebase","firebase-functions-hash":"0aff384924706ea49f8c3bb28986d32d69994883"},"sourceUploadUrl":"https://storage.googleapis.com/uploads-291788333037.us-central1.cloudfunctions.appspot.com/a114918a-0038-42f2-9cee-709f24801ac5.zip","environmentVariables":{"FIREBASE_CONFIG":"{\"projectId\":\"westley-twente-portfolio-site\",\"storageBucket\":\"westley-twente-portfolio-site.appspot.com\"}","GCLOUD_PROJECT":"westley-twente-portfolio-site","EVENTARC_CLOUD_EVENT_SOURCE":"projects/westley-twente-portfolio-site/locations/us-central1/functions/sendEmail"},"runtime":"nodejs18","ingressSettings":"ALLOW_ALL","buildId":"c150ec2d-5f0c-44bb-8157-e6af505c7a53","buildEnvironmentVariables":{"GOOGLE_NODE_RUN_SCRIPTS":""},"buildName":"projects/194403437323/locations/us-central1/builds/c150ec2d-5f0c-44bb-8157-e6af505c7a53","dockerRegistry":"ARTIFACT_REGISTRY"}]}
[debug] [2023-09-04T04:41:54.175Z] >>> [apiv2][query] GET https://cloudfunctions.googleapis.com/v2/projects/westley-twente-portfolio-site/locations/-/functions filter=environment%3D%22GEN_2%22
[debug] [2023-09-04T04:41:54.572Z] <<< [apiv2][status] GET https://cloudfunctions.googleapis.com/v2/projects/westley-twente-portfolio-site/locations/-/functions 200
[debug] [2023-09-04T04:41:54.572Z] <<< [apiv2][body] GET https://cloudfunctions.googleapis.com/v2/projects/westley-twente-portfolio-site/locations/-/functions {}
[debug] [2023-09-04T04:41:54.575Z] >>> [apiv2][query] GET https://firebase.googleapis.com/v1beta1/projects/westley-twente-portfolio-site [none]
[debug] [2023-09-04T04:41:54.701Z] <<< [apiv2][status] GET https://firebase.googleapis.com/v1beta1/projects/westley-twente-portfolio-site 200
[debug] [2023-09-04T04:41:54.702Z] <<< [apiv2][body] GET https://firebase.googleapis.com/v1beta1/projects/westley-twente-portfolio-site {"projectId":"westley-twente-portfolio-site","projectNumber":"194403437323","displayName":"Westley Twente Portfolio Site","name":"projects/westley-twente-portfolio-site","resources":{"hostingSite":"westley-twente-portfolio-site"},"state":"ACTIVE","etag":"1_cf521314-22bb-4d87-b263-b7443d4401e9"}
[debug] [2023-09-04T04:41:54.709Z] >>> [apiv2][query] POST https://cloudfunctions.googleapis.com/v1/projects/westley-twente-portfolio-site/locations/us-central1/functions:generateUploadUrl [none]
[debug] [2023-09-04T04:41:54.710Z] >>> [apiv2][body] POST https://cloudfunctions.googleapis.com/v1/projects/westley-twente-portfolio-site/locations/us-central1/functions:generateUploadUrl {}
[debug] [2023-09-04T04:41:55.236Z] <<< [apiv2][status] POST https://cloudfunctions.googleapis.com/v1/projects/westley-twente-portfolio-site/locations/us-central1/functions:generateUploadUrl 200
[debug] [2023-09-04T04:41:55.237Z] <<< [apiv2][body] POST https://cloudfunctions.googleapis.com/v1/projects/westley-twente-portfolio-site/locations/us-central1/functions:generateUploadUrl {"uploadUrl":"https://storage.googleapis.com/uploads-291788333037.us-central1.cloudfunctions.appspot.com/aafa896f-650b-4c55-8a91-65b207afec2a.zip?GoogleAccessId=service-194403437323@gcf-admin-robot.iam.gserviceaccount.com&Expires=1693804313&Signature=QG8KVK34vSRERCUsXPcFifpbtwNLzWqbNGo%2B5XnWetABwK%2B9Uq%2BSUjk6yAt96b8hSCbZWsueAop1WlTOVmoihu4gjB7FwdlDZ9rZ2D2Dh7WmQ5Pvf89aKAUneSE%2BCcZ6SeZsnnfNVs7TZFLb%2BqlZjWtSi5qOgpPc%2FSutJ3KA3o1YeaB0v45fPApylE9Z8mbb2j%2B%2BcxTupttdF20S1F9kLJeV1nEuub3FYp0%2BcrSUMHnLuPgGQgpI670TlTIsN3c%2FEi8qRiSx0%2BE%2FqyBKShcAVvScrZ1KECnxpF90zBdAAiv4QcoZ3Gb%2BiZ39cizE4z%2FJmTGdJPbGtgXFcVyfGoLfnA%3D%3D"}
[debug] [2023-09-04T04:41:55.243Z] >>> [apiv2][query] PUT https://storage.googleapis.com/uploads-291788333037.us-central1.cloudfunctions.appspot.com/aafa896f-650b-4c55-8a91-65b207afec2a.zip GoogleAccessId=service-194403437323%40gcf-admin-robot.iam.gserviceaccount.com&Expires=1693804313&Signature=QG8KVK34vSRERCUsXPcFifpbtwNLzWqbNGo%2B5XnWetABwK%2B9Uq%2BSUjk6yAt96b8hSCbZWsueAop1WlTOVmoihu4gjB7FwdlDZ9rZ2D2Dh7WmQ5Pvf89aKAUneSE%2BCcZ6SeZsnnfNVs7TZFLb%2BqlZjWtSi5qOgpPc%2FSutJ3KA3o1YeaB0v45fPApylE9Z8mbb2j%2B%2BcxTupttdF20S1F9kLJeV1nEuub3FYp0%2BcrSUMHnLuPgGQgpI670TlTIsN3c%2FEi8qRiSx0%2BE%2FqyBKShcAVvScrZ1KECnxpF90zBdAAiv4QcoZ3Gb%2BiZ39cizE4z%2FJmTGdJPbGtgXFcVyfGoLfnA%3D%3D
[debug] [2023-09-04T04:41:55.245Z] >>> [apiv2][body] PUT https://storage.googleapis.com/uploads-291788333037.us-central1.cloudfunctions.appspot.com/aafa896f-650b-4c55-8a91-65b207afec2a.zip [stream]
[debug] [2023-09-04T04:41:55.465Z] <<< [apiv2][status] PUT https://storage.googleapis.com/uploads-291788333037.us-central1.cloudfunctions.appspot.com/aafa896f-650b-4c55-8a91-65b207afec2a.zip 200
[debug] [2023-09-04T04:41:55.467Z] <<< [apiv2][body] PUT https://storage.googleapis.com/uploads-291788333037.us-central1.cloudfunctions.appspot.com/aafa896f-650b-4c55-8a91-65b207afec2a.zip [omitted]
[info] +  functions: functions folder uploaded successfully 
[info] i  functions: updating Node.js 18 (1st Gen) function sendEmail(us-central1)... 
[debug] [2023-09-04T04:41:55.477Z] >>> [apiv2][query] PATCH https://cloudfunctions.googleapis.com/v1/projects/westley-twente-portfolio-site/locations/us-central1/functions/sendEmail updateMask=name%2CsourceUploadUrl%2CentryPoint%2Cruntime%2CdockerRegistry%2Clabels%2ChttpsTrigger.securityLevel%2CminInstances%2CmaxInstances%2CingressSettings%2CenvironmentVariables%2CserviceAccountEmail%2CavailableMemoryMb%2Ctimeout%2CvpcConnector%2CvpcConnectorEgressSettings%2CsourceToken%2CbuildEnvironmentVariables
[debug] [2023-09-04T04:41:55.478Z] >>> [apiv2][body] PATCH https://cloudfunctions.googleapis.com/v1/projects/westley-twente-portfolio-site/locations/us-central1/functions/sendEmail {"name":"projects/westley-twente-portfolio-site/locations/us-central1/functions/sendEmail","sourceUploadUrl":"https://storage.googleapis.com/uploads-291788333037.us-central1.cloudfunctions.appspot.com/aafa896f-650b-4c55-8a91-65b207afec2a.zip?GoogleAccessId=service-194403437323@gcf-admin-robot.iam.gserviceaccount.com&Expires=1693804313&Signature=QG8KVK34vSRERCUsXPcFifpbtwNLzWqbNGo%2B5XnWetABwK%2B9Uq%2BSUjk6yAt96b8hSCbZWsueAop1WlTOVmoihu4gjB7FwdlDZ9rZ2D2Dh7WmQ5Pvf89aKAUneSE%2BCcZ6SeZsnnfNVs7TZFLb%2BqlZjWtSi5qOgpPc%2FSutJ3KA3o1YeaB0v45fPApylE9Z8mbb2j%2B%2BcxTupttdF20S1F9kLJeV1nEuub3FYp0%2BcrSUMHnLuPgGQgpI670TlTIsN3c%2FEi8qRiSx0%2BE%2FqyBKShcAVvScrZ1KECnxpF90zBdAAiv4QcoZ3Gb%2BiZ39cizE4z%2FJmTGdJPbGtgXFcVyfGoLfnA%3D%3D","entryPoint":"sendEmail","runtime":"nodejs18","dockerRegistry":"ARTIFACT_REGISTRY","labels":{"deployment-tool":"cli-firebase","firebase-functions-hash":"096ed4abd0d252b3fe64702a04301d5a3ed4cf51"},"httpsTrigger":{"securityLevel":"SECURE_ALWAYS"},"minInstances":null,"maxInstances":null,"ingressSettings":null,"environmentVariables":{"FIREBASE_CONFIG":"{\"projectId\":\"westley-twente-portfolio-site\",\"storageBucket\":\"westley-twente-portfolio-site.appspot.com\"}","GCLOUD_PROJECT":"westley-twente-portfolio-site","EVENTARC_CLOUD_EVENT_SOURCE":"projects/westley-twente-portfolio-site/locations/us-central1/functions/sendEmail"},"serviceAccountEmail":null,"availableMemoryMb":null,"timeout":null,"vpcConnector":null,"vpcConnectorEgressSettings":null,"buildEnvironmentVariables":{"GOOGLE_NODE_RUN_SCRIPTS":""}}
[debug] [2023-09-04T04:41:55.853Z] <<< [apiv2][status] PATCH https://cloudfunctions.googleapis.com/v1/projects/westley-twente-portfolio-site/locations/us-central1/functions/sendEmail 200
[debug] [2023-09-04T04:41:55.854Z] <<< [apiv2][body] PATCH https://cloudfunctions.googleapis.com/v1/projects/westley-twente-portfolio-site/locations/us-central1/functions/sendEmail {"name":"operations/d2VzdGxleS10d2VudGUtcG9ydGZvbGlvLXNpdGUvdXMtY2VudHJhbDEvc2VuZEVtYWlsL2R3MXZOQ3ZWVzdZ","metadata":{"@type":"type.googleapis.com/google.cloud.functions.v1.OperationMetadataV1","target":"projects/westley-twente-portfolio-site/locations/us-central1/functions/sendEmail","type":"UPDATE_FUNCTION","request":{"@type":"type.googleapis.com/google.cloud.functions.v1.CloudFunction","name":"projects/westley-twente-portfolio-site/locations/us-central1/functions/sendEmail","httpsTrigger":{"url":"https://us-central1-westley-twente-portfolio-site.cloudfunctions.net/sendEmail","securityLevel":"SECURE_ALWAYS"},"status":"ACTIVE","entryPoint":"sendEmail","updateTime":"2023-09-04T04:39:12.131Z","versionId":"1","labels":{"deployment-tool":"cli-firebase","firebase-functions-hash":"096ed4abd0d252b3fe64702a04301d5a3ed4cf51"},"sourceUploadUrl":"https://storage.googleapis.com/uploads-291788333037.us-central1.cloudfunctions.appspot.com/aafa896f-650b-4c55-8a91-65b207afec2a.zip?GoogleAccessId=service-194403437323@gcf-admin-robot.iam.gserviceaccount.com&Expires=1693804313&Signature=QG8KVK34vSRERCUsXPcFifpbtwNLzWqbNGo%2B5XnWetABwK%2B9Uq%2BSUjk6yAt96b8hSCbZWsueAop1WlTOVmoihu4gjB7FwdlDZ9rZ2D2Dh7WmQ5Pvf89aKAUneSE%2BCcZ6SeZsnnfNVs7TZFLb%2BqlZjWtSi5qOgpPc%2FSutJ3KA3o1YeaB0v45fPApylE9Z8mbb2j%2B%2BcxTupttdF20S1F9kLJeV1nEuub3FYp0%2BcrSUMHnLuPgGQgpI670TlTIsN3c%2FEi8qRiSx0%2BE%2FqyBKShcAVvScrZ1KECnxpF90zBdAAiv4QcoZ3Gb%2BiZ39cizE4z%2FJmTGdJPbGtgXFcVyfGoLfnA%3D%3D","environmentVariables":{"FIREBASE_CONFIG":"{\"projectId\":\"westley-twente-portfolio-site\",\"storageBucket\":\"westley-twente-portfolio-site.appspot.com\"}","GCLOUD_PROJECT":"westley-twente-portfolio-site","EVENTARC_CLOUD_EVENT_SOURCE":"projects/westley-twente-portfolio-site/locations/us-central1/functions/sendEmail"},"runtime":"nodejs18","buildId":"c150ec2d-5f0c-44bb-8157-e6af505c7a53","buildEnvironmentVariables":{"GOOGLE_NODE_RUN_SCRIPTS":""},"buildName":"projects/194403437323/locations/us-central1/builds/c150ec2d-5f0c-44bb-8157-e6af505c7a53","dockerRegistry":"ARTIFACT_REGISTRY"},"versionId":"2","updateTime":"2023-09-04T04:41:54Z"}}
[debug] [2023-09-04T04:41:55.863Z] >>> [apiv2][query] GET https://cloudfunctions.googleapis.com/v1/operations/d2VzdGxleS10d2VudGUtcG9ydGZvbGlvLXNpdGUvdXMtY2VudHJhbDEvc2VuZEVtYWlsL2R3MXZOQ3ZWVzdZ [none]
[debug] [2023-09-04T04:41:55.995Z] <<< [apiv2][status] GET https://cloudfunctions.googleapis.com/v1/operations/d2VzdGxleS10d2VudGUtcG9ydGZvbGlvLXNpdGUvdXMtY2VudHJhbDEvc2VuZEVtYWlsL2R3MXZOQ3ZWVzdZ 200
[debug] [2023-09-04T04:41:55.996Z] <<< [apiv2][body] GET https://cloudfunctions.googleapis.com/v1/operations/d2VzdGxleS10d2VudGUtcG9ydGZvbGlvLXNpdGUvdXMtY2VudHJhbDEvc2VuZEVtYWlsL2R3MXZOQ3ZWVzdZ {"name":"operations/d2VzdGxleS10d2VudGUtcG9ydGZvbGlvLXNpdGUvdXMtY2VudHJhbDEvc2VuZEVtYWlsL2R3MXZOQ3ZWVzdZ","metadata":{"@type":"type.googleapis.com/google.cloud.functions.v1.OperationMetadataV1","target":"projects/westley-twente-portfolio-site/locations/us-central1/functions/sendEmail","type":"UPDATE_FUNCTION","request":{"@type":"type.googleapis.com/google.cloud.functions.v1.CloudFunction","name":"projects/westley-twente-portfolio-site/locations/us-central1/functions/sendEmail","httpsTrigger":{"url":"https://us-central1-westley-twente-portfolio-site.cloudfunctions.net/sendEmail","securityLevel":"SECURE_ALWAYS"},"status":"ACTIVE","entryPoint":"sendEmail","updateTime":"2023-09-04T04:39:12.131Z","versionId":"1","labels":{"deployment-tool":"cli-firebase","firebase-functions-hash":"096ed4abd0d252b3fe64702a04301d5a3ed4cf51"},"sourceUploadUrl":"https://storage.googleapis.com/uploads-291788333037.us-central1.cloudfunctions.appspot.com/aafa896f-650b-4c55-8a91-65b207afec2a.zip?GoogleAccessId=service-194403437323@gcf-admin-robot.iam.gserviceaccount.com&Expires=1693804313&Signature=QG8KVK34vSRERCUsXPcFifpbtwNLzWqbNGo%2B5XnWetABwK%2B9Uq%2BSUjk6yAt96b8hSCbZWsueAop1WlTOVmoihu4gjB7FwdlDZ9rZ2D2Dh7WmQ5Pvf89aKAUneSE%2BCcZ6SeZsnnfNVs7TZFLb%2BqlZjWtSi5qOgpPc%2FSutJ3KA3o1YeaB0v45fPApylE9Z8mbb2j%2B%2BcxTupttdF20S1F9kLJeV1nEuub3FYp0%2BcrSUMHnLuPgGQgpI670TlTIsN3c%2FEi8qRiSx0%2BE%2FqyBKShcAVvScrZ1KECnxpF90zBdAAiv4QcoZ3Gb%2BiZ39cizE4z%2FJmTGdJPbGtgXFcVyfGoLfnA%3D%3D","environmentVariables":{"FIREBASE_CONFIG":"{\"projectId\":\"westley-twente-portfolio-site\",\"storageBucket\":\"westley-twente-portfolio-site.appspot.com\"}","GCLOUD_PROJECT":"westley-twente-portfolio-site","EVENTARC_CLOUD_EVENT_SOURCE":"projects/westley-twente-portfolio-site/locations/us-central1/functions/sendEmail"},"runtime":"nodejs18","buildId":"c150ec2d-5f0c-44bb-8157-e6af505c7a53","buildEnvironmentVariables":{"GOOGLE_NODE_RUN_SCRIPTS":""},"buildName":"projects/194403437323/locations/us-central1/builds/c150ec2d-5f0c-44bb-8157-e6af505c7a53","dockerRegistry":"ARTIFACT_REGISTRY"},"versionId":"2","updateTime":"2023-09-04T04:41:54Z"}}
[debug] [2023-09-04T04:41:56.505Z] [update-default-us-central1-sendEmail] Retrying task index 0
[debug] [2023-09-04T04:41:56.507Z] >>> [apiv2][query] GET https://cloudfunctions.googleapis.com/v1/operations/d2VzdGxleS10d2VudGUtcG9ydGZvbGlvLXNpdGUvdXMtY2VudHJhbDEvc2VuZEVtYWlsL2R3MXZOQ3ZWVzdZ [none]
[debug] [2023-09-04T04:41:56.636Z] <<< [apiv2][status] GET https://cloudfunctions.googleapis.com/v1/operations/d2VzdGxleS10d2VudGUtcG9ydGZvbGlvLXNpdGUvdXMtY2VudHJhbDEvc2VuZEVtYWlsL2R3MXZOQ3ZWVzdZ 200
[debug] [2023-09-04T04:41:56.637Z] <<< [apiv2][body] GET https://cloudfunctions.googleapis.com/v1/operations/d2VzdGxleS10d2VudGUtcG9ydGZvbGlvLXNpdGUvdXMtY2VudHJhbDEvc2VuZEVtYWlsL2R3MXZOQ3ZWVzdZ {"name":"operations/d2VzdGxleS10d2VudGUtcG9ydGZvbGlvLXNpdGUvdXMtY2VudHJhbDEvc2VuZEVtYWlsL2R3MXZOQ3ZWVzdZ","metadata":{"@type":"type.googleapis.com/google.cloud.functions.v1.OperationMetadataV1","target":"projects/westley-twente-portfolio-site/locations/us-central1/functions/sendEmail","type":"UPDATE_FUNCTION","request":{"@type":"type.googleapis.com/google.cloud.functions.v1.CloudFunction","name":"projects/westley-twente-portfolio-site/locations/us-central1/functions/sendEmail","httpsTrigger":{"url":"https://us-central1-westley-twente-portfolio-site.cloudfunctions.net/sendEmail","securityLevel":"SECURE_ALWAYS"},"status":"ACTIVE","entryPoint":"sendEmail","updateTime":"2023-09-04T04:39:12.131Z","versionId":"1","labels":{"deployment-tool":"cli-firebase","firebase-functions-hash":"096ed4abd0d252b3fe64702a04301d5a3ed4cf51"},"sourceUploadUrl":"https://storage.googleapis.com/uploads-291788333037.us-central1.cloudfunctions.appspot.com/aafa896f-650b-4c55-8a91-65b207afec2a.zip?GoogleAccessId=service-194403437323@gcf-admin-robot.iam.gserviceaccount.com&Expires=1693804313&Signature=QG8KVK34vSRERCUsXPcFifpbtwNLzWqbNGo%2B5XnWetABwK%2B9Uq%2BSUjk6yAt96b8hSCbZWsueAop1WlTOVmoihu4gjB7FwdlDZ9rZ2D2Dh7WmQ5Pvf89aKAUneSE%2BCcZ6SeZsnnfNVs7TZFLb%2BqlZjWtSi5qOgpPc%2FSutJ3KA3o1YeaB0v45fPApylE9Z8mbb2j%2B%2BcxTupttdF20S1F9kLJeV1nEuub3FYp0%2BcrSUMHnLuPgGQgpI670TlTIsN3c%2FEi8qRiSx0%2BE%2FqyBKShcAVvScrZ1KECnxpF90zBdAAiv4QcoZ3Gb%2BiZ39cizE4z%2FJmTGdJPbGtgXFcVyfGoLfnA%3D%3D","environmentVariables":{"FIREBASE_CONFIG":"{\"projectId\":\"westley-twente-portfolio-site\",\"storageBucket\":\"westley-twente-portfolio-site.appspot.com\"}","GCLOUD_PROJECT":"westley-twente-portfolio-site","EVENTARC_CLOUD_EVENT_SOURCE":"projects/westley-twente-portfolio-site/locations/us-central1/functions/sendEmail"},"runtime":"nodejs18","buildId":"c150ec2d-5f0c-44bb-8157-e6af505c7a53","buildEnvironmentVariables":{"GOOGLE_NODE_RUN_SCRIPTS":""},"buildName":"projects/194403437323/locations/us-central1/builds/c150ec2d-5f0c-44bb-8157-e6af505c7a53","dockerRegistry":"ARTIFACT_REGISTRY"},"versionId":"2","updateTime":"2023-09-04T04:41:54Z","buildId":"4785928c-022a-49bd-9cdd-5b0b996b1590","buildName":"projects/194403437323/locations/us-central1/builds/4785928c-022a-49bd-9cdd-5b0b996b1590"}}
[debug] [2023-09-04T04:41:57.648Z] [update-default-us-central1-sendEmail] Retrying task index 0
[debug] [2023-09-04T04:41:57.650Z] >>> [apiv2][query] GET https://cloudfunctions.googleapis.com/v1/operations/d2VzdGxleS10d2VudGUtcG9ydGZvbGlvLXNpdGUvdXMtY2VudHJhbDEvc2VuZEVtYWlsL2R3MXZOQ3ZWVzdZ [none]
[debug] [2023-09-04T04:41:57.779Z] <<< [apiv2][status] GET https://cloudfunctions.googleapis.com/v1/operations/d2VzdGxleS10d2VudGUtcG9ydGZvbGlvLXNpdGUvdXMtY2VudHJhbDEvc2VuZEVtYWlsL2R3MXZOQ3ZWVzdZ 200
[debug] [2023-09-04T04:41:57.780Z] <<< [apiv2][body] GET https://cloudfunctions.googleapis.com/v1/operations/d2VzdGxleS10d2VudGUtcG9ydGZvbGlvLXNpdGUvdXMtY2VudHJhbDEvc2VuZEVtYWlsL2R3MXZOQ3ZWVzdZ {"name":"operations/d2VzdGxleS10d2VudGUtcG9ydGZvbGlvLXNpdGUvdXMtY2VudHJhbDEvc2VuZEVtYWlsL2R3MXZOQ3ZWVzdZ","metadata":{"@type":"type.googleapis.com/google.cloud.functions.v1.OperationMetadataV1","target":"projects/westley-twente-portfolio-site/locations/us-central1/functions/sendEmail","type":"UPDATE_FUNCTION","request":{"@type":"type.googleapis.com/google.cloud.functions.v1.CloudFunction","name":"projects/westley-twente-portfolio-site/locations/us-central1/functions/sendEmail","httpsTrigger":{"url":"https://us-central1-westley-twente-portfolio-site.cloudfunctions.net/sendEmail","securityLevel":"SECURE_ALWAYS"},"status":"ACTIVE","entryPoint":"sendEmail","updateTime":"2023-09-04T04:39:12.131Z","versionId":"1","labels":{"deployment-tool":"cli-firebase","firebase-functions-hash":"096ed4abd0d252b3fe64702a04301d5a3ed4cf51"},"sourceUploadUrl":"https://storage.googleapis.com/uploads-291788333037.us-central1.cloudfunctions.appspot.com/aafa896f-650b-4c55-8a91-65b207afec2a.zip?GoogleAccessId=service-194403437323@gcf-admin-robot.iam.gserviceaccount.com&Expires=1693804313&Signature=QG8KVK34vSRERCUsXPcFifpbtwNLzWqbNGo%2B5XnWetABwK%2B9Uq%2BSUjk6yAt96b8hSCbZWsueAop1WlTOVmoihu4gjB7FwdlDZ9rZ2D2Dh7WmQ5Pvf89aKAUneSE%2BCcZ6SeZsnnfNVs7TZFLb%2BqlZjWtSi5qOgpPc%2FSutJ3KA3o1YeaB0v45fPApylE9Z8mbb2j%2B%2BcxTupttdF20S1F9kLJeV1nEuub3FYp0%2BcrSUMHnLuPgGQgpI670TlTIsN3c%2FEi8qRiSx0%2BE%2FqyBKShcAVvScrZ1KECnxpF90zBdAAiv4QcoZ3Gb%2BiZ39cizE4z%2FJmTGdJPbGtgXFcVyfGoLfnA%3D%3D","environmentVariables":{"FIREBASE_CONFIG":"{\"projectId\":\"westley-twente-portfolio-site\",\"storageBucket\":\"westley-twente-portfolio-site.appspot.com\"}","GCLOUD_PROJECT":"westley-twente-portfolio-site","EVENTARC_CLOUD_EVENT_SOURCE":"projects/westley-twente-portfolio-site/locations/us-central1/functions/sendEmail"},"runtime":"nodejs18","buildId":"c150ec2d-5f0c-44bb-8157-e6af505c7a53","buildEnvironmentVariables":{"GOOGLE_NODE_RUN_SCRIPTS":""},"buildName":"projects/194403437323/locations/us-central1/builds/c150ec2d-5f0c-44bb-8157-e6af505c7a53","dockerRegistry":"ARTIFACT_REGISTRY"},"versionId":"2","updateTime":"2023-09-04T04:41:54Z","buildId":"4785928c-022a-49bd-9cdd-5b0b996b1590","buildName":"projects/194403437323/locations/us-central1/builds/4785928c-022a-49bd-9cdd-5b0b996b1590"}}
[debug] [2023-09-04T04:41:59.793Z] [update-default-us-central1-sendEmail] Retrying task index 0
[debug] [2023-09-04T04:41:59.797Z] >>> [apiv2][query] GET https://cloudfunctions.googleapis.com/v1/operations/d2VzdGxleS10d2VudGUtcG9ydGZvbGlvLXNpdGUvdXMtY2VudHJhbDEvc2VuZEVtYWlsL2R3MXZOQ3ZWVzdZ [none]
[debug] [2023-09-04T04:41:59.929Z] <<< [apiv2][status] GET https://cloudfunctions.googleapis.com/v1/operations/d2VzdGxleS10d2VudGUtcG9ydGZvbGlvLXNpdGUvdXMtY2VudHJhbDEvc2VuZEVtYWlsL2R3MXZOQ3ZWVzdZ 200
[debug] [2023-09-04T04:41:59.931Z] <<< [apiv2][body] GET https://cloudfunctions.googleapis.com/v1/operations/d2VzdGxleS10d2VudGUtcG9ydGZvbGlvLXNpdGUvdXMtY2VudHJhbDEvc2VuZEVtYWlsL2R3MXZOQ3ZWVzdZ {"name":"operations/d2VzdGxleS10d2VudGUtcG9ydGZvbGlvLXNpdGUvdXMtY2VudHJhbDEvc2VuZEVtYWlsL2R3MXZOQ3ZWVzdZ","metadata":{"@type":"type.googleapis.com/google.cloud.functions.v1.OperationMetadataV1","target":"projects/westley-twente-portfolio-site/locations/us-central1/functions/sendEmail","type":"UPDATE_FUNCTION","request":{"@type":"type.googleapis.com/google.cloud.functions.v1.CloudFunction","name":"projects/westley-twente-portfolio-site/locations/us-central1/functions/sendEmail","httpsTrigger":{"url":"https://us-central1-westley-twente-portfolio-site.cloudfunctions.net/sendEmail","securityLevel":"SECURE_ALWAYS"},"status":"ACTIVE","entryPoint":"sendEmail","updateTime":"2023-09-04T04:39:12.131Z","versionId":"1","labels":{"deployment-tool":"cli-firebase","firebase-functions-hash":"096ed4abd0d252b3fe64702a04301d5a3ed4cf51"},"sourceUploadUrl":"https://storage.googleapis.com/uploads-291788333037.us-central1.cloudfunctions.appspot.com/aafa896f-650b-4c55-8a91-65b207afec2a.zip?GoogleAccessId=service-194403437323@gcf-admin-robot.iam.gserviceaccount.com&Expires=1693804313&Signature=QG8KVK34vSRERCUsXPcFifpbtwNLzWqbNGo%2B5XnWetABwK%2B9Uq%2BSUjk6yAt96b8hSCbZWsueAop1WlTOVmoihu4gjB7FwdlDZ9rZ2D2Dh7WmQ5Pvf89aKAUneSE%2BCcZ6SeZsnnfNVs7TZFLb%2BqlZjWtSi5qOgpPc%2FSutJ3KA3o1YeaB0v45fPApylE9Z8mbb2j%2B%2BcxTupttdF20S1F9kLJeV1nEuub3FYp0%2BcrSUMHnLuPgGQgpI670TlTIsN3c%2FEi8qRiSx0%2BE%2FqyBKShcAVvScrZ1KECnxpF90zBdAAiv4QcoZ3Gb%2BiZ39cizE4z%2FJmTGdJPbGtgXFcVyfGoLfnA%3D%3D","environmentVariables":{"FIREBASE_CONFIG":"{\"projectId\":\"westley-twente-portfolio-site\",\"storageBucket\":\"westley-twente-portfolio-site.appspot.com\"}","GCLOUD_PROJECT":"westley-twente-portfolio-site","EVENTARC_CLOUD_EVENT_SOURCE":"projects/westley-twente-portfolio-site/locations/us-central1/functions/sendEmail"},"runtime":"nodejs18","buildId":"c150ec2d-5f0c-44bb-8157-e6af505c7a53","buildEnvironmentVariables":{"GOOGLE_NODE_RUN_SCRIPTS":""},"buildName":"projects/194403437323/locations/us-central1/builds/c150ec2d-5f0c-44bb-8157-e6af505c7a53","dockerRegistry":"ARTIFACT_REGISTRY"},"versionId":"2","updateTime":"2023-09-04T04:41:54Z","buildId":"4785928c-022a-49bd-9cdd-5b0b996b1590","buildName":"projects/194403437323/locations/us-central1/builds/4785928c-022a-49bd-9cdd-5b0b996b1590"}}
[debug] [2023-09-04T04:42:03.951Z] [update-default-us-central1-sendEmail] Retrying task index 0
[debug] [2023-09-04T04:42:03.953Z] >>> [apiv2][query] GET https://cloudfunctions.googleapis.com/v1/operations/d2VzdGxleS10d2VudGUtcG9ydGZvbGlvLXNpdGUvdXMtY2VudHJhbDEvc2VuZEVtYWlsL2R3MXZOQ3ZWVzdZ [none]
[debug] [2023-09-04T04:42:04.100Z] <<< [apiv2][status] GET https://cloudfunctions.googleapis.com/v1/operations/d2VzdGxleS10d2VudGUtcG9ydGZvbGlvLXNpdGUvdXMtY2VudHJhbDEvc2VuZEVtYWlsL2R3MXZOQ3ZWVzdZ 200
[debug] [2023-09-04T04:42:04.102Z] <<< [apiv2][body] GET https://cloudfunctions.googleapis.com/v1/operations/d2VzdGxleS10d2VudGUtcG9ydGZvbGlvLXNpdGUvdXMtY2VudHJhbDEvc2VuZEVtYWlsL2R3MXZOQ3ZWVzdZ {"name":"operations/d2VzdGxleS10d2VudGUtcG9ydGZvbGlvLXNpdGUvdXMtY2VudHJhbDEvc2VuZEVtYWlsL2R3MXZOQ3ZWVzdZ","metadata":{"@type":"type.googleapis.com/google.cloud.functions.v1.OperationMetadataV1","target":"projects/westley-twente-portfolio-site/locations/us-central1/functions/sendEmail","type":"UPDATE_FUNCTION","request":{"@type":"type.googleapis.com/google.cloud.functions.v1.CloudFunction","name":"projects/westley-twente-portfolio-site/locations/us-central1/functions/sendEmail","httpsTrigger":{"url":"https://us-central1-westley-twente-portfolio-site.cloudfunctions.net/sendEmail","securityLevel":"SECURE_ALWAYS"},"status":"ACTIVE","entryPoint":"sendEmail","updateTime":"2023-09-04T04:39:12.131Z","versionId":"1","labels":{"deployment-tool":"cli-firebase","firebase-functions-hash":"096ed4abd0d252b3fe64702a04301d5a3ed4cf51"},"sourceUploadUrl":"https://storage.googleapis.com/uploads-291788333037.us-central1.cloudfunctions.appspot.com/aafa896f-650b-4c55-8a91-65b207afec2a.zip?GoogleAccessId=service-194403437323@gcf-admin-robot.iam.gserviceaccount.com&Expires=1693804313&Signature=QG8KVK34vSRERCUsXPcFifpbtwNLzWqbNGo%2B5XnWetABwK%2B9Uq%2BSUjk6yAt96b8hSCbZWsueAop1WlTOVmoihu4gjB7FwdlDZ9rZ2D2Dh7WmQ5Pvf89aKAUneSE%2BCcZ6SeZsnnfNVs7TZFLb%2BqlZjWtSi5qOgpPc%2FSutJ3KA3o1YeaB0v45fPApylE9Z8mbb2j%2B%2BcxTupttdF20S1F9kLJeV1nEuub3FYp0%2BcrSUMHnLuPgGQgpI670TlTIsN3c%2FEi8qRiSx0%2BE%2FqyBKShcAVvScrZ1KECnxpF90zBdAAiv4QcoZ3Gb%2BiZ39cizE4z%2FJmTGdJPbGtgXFcVyfGoLfnA%3D%3D","environmentVariables":{"FIREBASE_CONFIG":"{\"projectId\":\"westley-twente-portfolio-site\",\"storageBucket\":\"westley-twente-portfolio-site.appspot.com\"}","GCLOUD_PROJECT":"westley-twente-portfolio-site","EVENTARC_CLOUD_EVENT_SOURCE":"projects/westley-twente-portfolio-site/locations/us-central1/functions/sendEmail"},"runtime":"nodejs18","buildId":"c150ec2d-5f0c-44bb-8157-e6af505c7a53","buildEnvironmentVariables":{"GOOGLE_NODE_RUN_SCRIPTS":""},"buildName":"projects/194403437323/locations/us-central1/builds/c150ec2d-5f0c-44bb-8157-e6af505c7a53","dockerRegistry":"ARTIFACT_REGISTRY"},"versionId":"2","updateTime":"2023-09-04T04:41:54Z","buildId":"4785928c-022a-49bd-9cdd-5b0b996b1590","buildName":"projects/194403437323/locations/us-central1/builds/4785928c-022a-49bd-9cdd-5b0b996b1590"}}
[debug] [2023-09-04T04:42:12.113Z] [update-default-us-central1-sendEmail] Retrying task index 0
[debug] [2023-09-04T04:42:12.115Z] >>> [apiv2][query] GET https://cloudfunctions.googleapis.com/v1/operations/d2VzdGxleS10d2VudGUtcG9ydGZvbGlvLXNpdGUvdXMtY2VudHJhbDEvc2VuZEVtYWlsL2R3MXZOQ3ZWVzdZ [none]
[debug] [2023-09-04T04:42:12.237Z] <<< [apiv2][status] GET https://cloudfunctions.googleapis.com/v1/operations/d2VzdGxleS10d2VudGUtcG9ydGZvbGlvLXNpdGUvdXMtY2VudHJhbDEvc2VuZEVtYWlsL2R3MXZOQ3ZWVzdZ 200
[debug] [2023-09-04T04:42:12.238Z] <<< [apiv2][body] GET https://cloudfunctions.googleapis.com/v1/operations/d2VzdGxleS10d2VudGUtcG9ydGZvbGlvLXNpdGUvdXMtY2VudHJhbDEvc2VuZEVtYWlsL2R3MXZOQ3ZWVzdZ {"name":"operations/d2VzdGxleS10d2VudGUtcG9ydGZvbGlvLXNpdGUvdXMtY2VudHJhbDEvc2VuZEVtYWlsL2R3MXZOQ3ZWVzdZ","metadata":{"@type":"type.googleapis.com/google.cloud.functions.v1.OperationMetadataV1","target":"projects/westley-twente-portfolio-site/locations/us-central1/functions/sendEmail","type":"UPDATE_FUNCTION","request":{"@type":"type.googleapis.com/google.cloud.functions.v1.CloudFunction","name":"projects/westley-twente-portfolio-site/locations/us-central1/functions/sendEmail","httpsTrigger":{"url":"https://us-central1-westley-twente-portfolio-site.cloudfunctions.net/sendEmail","securityLevel":"SECURE_ALWAYS"},"status":"ACTIVE","entryPoint":"sendEmail","updateTime":"2023-09-04T04:39:12.131Z","versionId":"1","labels":{"deployment-tool":"cli-firebase","firebase-functions-hash":"096ed4abd0d252b3fe64702a04301d5a3ed4cf51"},"sourceUploadUrl":"https://storage.googleapis.com/uploads-291788333037.us-central1.cloudfunctions.appspot.com/aafa896f-650b-4c55-8a91-65b207afec2a.zip?GoogleAccessId=service-194403437323@gcf-admin-robot.iam.gserviceaccount.com&Expires=1693804313&Signature=QG8KVK34vSRERCUsXPcFifpbtwNLzWqbNGo%2B5XnWetABwK%2B9Uq%2BSUjk6yAt96b8hSCbZWsueAop1WlTOVmoihu4gjB7FwdlDZ9rZ2D2Dh7WmQ5Pvf89aKAUneSE%2BCcZ6SeZsnnfNVs7TZFLb%2BqlZjWtSi5qOgpPc%2FSutJ3KA3o1YeaB0v45fPApylE9Z8mbb2j%2B%2BcxTupttdF20S1F9kLJeV1nEuub3FYp0%2BcrSUMHnLuPgGQgpI670TlTIsN3c%2FEi8qRiSx0%2BE%2FqyBKShcAVvScrZ1KECnxpF90zBdAAiv4QcoZ3Gb%2BiZ39cizE4z%2FJmTGdJPbGtgXFcVyfGoLfnA%3D%3D","environmentVariables":{"FIREBASE_CONFIG":"{\"projectId\":\"westley-twente-portfolio-site\",\"storageBucket\":\"westley-twente-portfolio-site.appspot.com\"}","GCLOUD_PROJECT":"westley-twente-portfolio-site","EVENTARC_CLOUD_EVENT_SOURCE":"projects/westley-twente-portfolio-site/locations/us-central1/functions/sendEmail"},"runtime":"nodejs18","buildId":"c150ec2d-5f0c-44bb-8157-e6af505c7a53","buildEnvironmentVariables":{"GOOGLE_NODE_RUN_SCRIPTS":""},"buildName":"projects/194403437323/locations/us-central1/builds/c150ec2d-5f0c-44bb-8157-e6af505c7a53","dockerRegistry":"ARTIFACT_REGISTRY"},"versionId":"2","updateTime":"2023-09-04T04:41:54Z","buildId":"4785928c-022a-49bd-9cdd-5b0b996b1590","buildName":"projects/194403437323/locations/us-central1/builds/4785928c-022a-49bd-9cdd-5b0b996b1590"}}
[debug] [2023-09-04T04:42:22.250Z] [update-default-us-central1-sendEmail] Retrying task index 0
[debug] [2023-09-04T04:42:22.251Z] >>> [apiv2][query] GET https://cloudfunctions.googleapis.com/v1/operations/d2VzdGxleS10d2VudGUtcG9ydGZvbGlvLXNpdGUvdXMtY2VudHJhbDEvc2VuZEVtYWlsL2R3MXZOQ3ZWVzdZ [none]
[debug] [2023-09-04T04:42:22.382Z] <<< [apiv2][status] GET https://cloudfunctions.googleapis.com/v1/operations/d2VzdGxleS10d2VudGUtcG9ydGZvbGlvLXNpdGUvdXMtY2VudHJhbDEvc2VuZEVtYWlsL2R3MXZOQ3ZWVzdZ 200
[debug] [2023-09-04T04:42:22.382Z] <<< [apiv2][body] GET https://cloudfunctions.googleapis.com/v1/operations/d2VzdGxleS10d2VudGUtcG9ydGZvbGlvLXNpdGUvdXMtY2VudHJhbDEvc2VuZEVtYWlsL2R3MXZOQ3ZWVzdZ {"name":"operations/d2VzdGxleS10d2VudGUtcG9ydGZvbGlvLXNpdGUvdXMtY2VudHJhbDEvc2VuZEVtYWlsL2R3MXZOQ3ZWVzdZ","metadata":{"@type":"type.googleapis.com/google.cloud.functions.v1.OperationMetadataV1","target":"projects/westley-twente-portfolio-site/locations/us-central1/functions/sendEmail","type":"UPDATE_FUNCTION","request":{"@type":"type.googleapis.com/google.cloud.functions.v1.CloudFunction","name":"projects/westley-twente-portfolio-site/locations/us-central1/functions/sendEmail","httpsTrigger":{"url":"https://us-central1-westley-twente-portfolio-site.cloudfunctions.net/sendEmail","securityLevel":"SECURE_ALWAYS"},"status":"ACTIVE","entryPoint":"sendEmail","updateTime":"2023-09-04T04:39:12.131Z","versionId":"1","labels":{"deployment-tool":"cli-firebase","firebase-functions-hash":"096ed4abd0d252b3fe64702a04301d5a3ed4cf51"},"sourceUploadUrl":"https://storage.googleapis.com/uploads-291788333037.us-central1.cloudfunctions.appspot.com/aafa896f-650b-4c55-8a91-65b207afec2a.zip?GoogleAccessId=service-194403437323@gcf-admin-robot.iam.gserviceaccount.com&Expires=1693804313&Signature=QG8KVK34vSRERCUsXPcFifpbtwNLzWqbNGo%2B5XnWetABwK%2B9Uq%2BSUjk6yAt96b8hSCbZWsueAop1WlTOVmoihu4gjB7FwdlDZ9rZ2D2Dh7WmQ5Pvf89aKAUneSE%2BCcZ6SeZsnnfNVs7TZFLb%2BqlZjWtSi5qOgpPc%2FSutJ3KA3o1YeaB0v45fPApylE9Z8mbb2j%2B%2BcxTupttdF20S1F9kLJeV1nEuub3FYp0%2BcrSUMHnLuPgGQgpI670TlTIsN3c%2FEi8qRiSx0%2BE%2FqyBKShcAVvScrZ1KECnxpF90zBdAAiv4QcoZ3Gb%2BiZ39cizE4z%2FJmTGdJPbGtgXFcVyfGoLfnA%3D%3D","environmentVariables":{"FIREBASE_CONFIG":"{\"projectId\":\"westley-twente-portfolio-site\",\"storageBucket\":\"westley-twente-portfolio-site.appspot.com\"}","GCLOUD_PROJECT":"westley-twente-portfolio-site","EVENTARC_CLOUD_EVENT_SOURCE":"projects/westley-twente-portfolio-site/locations/us-central1/functions/sendEmail"},"runtime":"nodejs18","buildId":"c150ec2d-5f0c-44bb-8157-e6af505c7a53","buildEnvironmentVariables":{"GOOGLE_NODE_RUN_SCRIPTS":""},"buildName":"projects/194403437323/locations/us-central1/builds/c150ec2d-5f0c-44bb-8157-e6af505c7a53","dockerRegistry":"ARTIFACT_REGISTRY"},"versionId":"2","updateTime":"2023-09-04T04:41:54Z","buildId":"4785928c-022a-49bd-9cdd-5b0b996b1590","buildName":"projects/194403437323/locations/us-central1/builds/4785928c-022a-49bd-9cdd-5b0b996b1590"}}
[debug] [2023-09-04T04:42:32.398Z] [update-default-us-central1-sendEmail] Retrying task index 0
[debug] [2023-09-04T04:42:32.399Z] >>> [apiv2][query] GET https://cloudfunctions.googleapis.com/v1/operations/d2VzdGxleS10d2VudGUtcG9ydGZvbGlvLXNpdGUvdXMtY2VudHJhbDEvc2VuZEVtYWlsL2R3MXZOQ3ZWVzdZ [none]
[debug] [2023-09-04T04:42:32.581Z] <<< [apiv2][status] GET https://cloudfunctions.googleapis.com/v1/operations/d2VzdGxleS10d2VudGUtcG9ydGZvbGlvLXNpdGUvdXMtY2VudHJhbDEvc2VuZEVtYWlsL2R3MXZOQ3ZWVzdZ 200
[debug] [2023-09-04T04:42:32.583Z] <<< [apiv2][body] GET https://cloudfunctions.googleapis.com/v1/operations/d2VzdGxleS10d2VudGUtcG9ydGZvbGlvLXNpdGUvdXMtY2VudHJhbDEvc2VuZEVtYWlsL2R3MXZOQ3ZWVzdZ {"name":"operations/d2VzdGxleS10d2VudGUtcG9ydGZvbGlvLXNpdGUvdXMtY2VudHJhbDEvc2VuZEVtYWlsL2R3MXZOQ3ZWVzdZ","metadata":{"@type":"type.googleapis.com/google.cloud.functions.v1.OperationMetadataV1","target":"projects/westley-twente-portfolio-site/locations/us-central1/functions/sendEmail","type":"UPDATE_FUNCTION","request":{"@type":"type.googleapis.com/google.cloud.functions.v1.CloudFunction","name":"projects/westley-twente-portfolio-site/locations/us-central1/functions/sendEmail","httpsTrigger":{"url":"https://us-central1-westley-twente-portfolio-site.cloudfunctions.net/sendEmail","securityLevel":"SECURE_ALWAYS"},"status":"ACTIVE","entryPoint":"sendEmail","updateTime":"2023-09-04T04:39:12.131Z","versionId":"1","labels":{"deployment-tool":"cli-firebase","firebase-functions-hash":"096ed4abd0d252b3fe64702a04301d5a3ed4cf51"},"sourceUploadUrl":"https://storage.googleapis.com/uploads-291788333037.us-central1.cloudfunctions.appspot.com/aafa896f-650b-4c55-8a91-65b207afec2a.zip?GoogleAccessId=service-194403437323@gcf-admin-robot.iam.gserviceaccount.com&Expires=1693804313&Signature=QG8KVK34vSRERCUsXPcFifpbtwNLzWqbNGo%2B5XnWetABwK%2B9Uq%2BSUjk6yAt96b8hSCbZWsueAop1WlTOVmoihu4gjB7FwdlDZ9rZ2D2Dh7WmQ5Pvf89aKAUneSE%2BCcZ6SeZsnnfNVs7TZFLb%2BqlZjWtSi5qOgpPc%2FSutJ3KA3o1YeaB0v45fPApylE9Z8mbb2j%2B%2BcxTupttdF20S1F9kLJeV1nEuub3FYp0%2BcrSUMHnLuPgGQgpI670TlTIsN3c%2FEi8qRiSx0%2BE%2FqyBKShcAVvScrZ1KECnxpF90zBdAAiv4QcoZ3Gb%2BiZ39cizE4z%2FJmTGdJPbGtgXFcVyfGoLfnA%3D%3D","environmentVariables":{"FIREBASE_CONFIG":"{\"projectId\":\"westley-twente-portfolio-site\",\"storageBucket\":\"westley-twente-portfolio-site.appspot.com\"}","GCLOUD_PROJECT":"westley-twente-portfolio-site","EVENTARC_CLOUD_EVENT_SOURCE":"projects/westley-twente-portfolio-site/locations/us-central1/functions/sendEmail"},"runtime":"nodejs18","buildId":"c150ec2d-5f0c-44bb-8157-e6af505c7a53","buildEnvironmentVariables":{"GOOGLE_NODE_RUN_SCRIPTS":""},"buildName":"projects/194403437323/locations/us-central1/builds/c150ec2d-5f0c-44bb-8157-e6af505c7a53","dockerRegistry":"ARTIFACT_REGISTRY"},"versionId":"2","updateTime":"2023-09-04T04:41:54Z","buildId":"4785928c-022a-49bd-9cdd-5b0b996b1590","buildName":"projects/194403437323/locations/us-central1/builds/4785928c-022a-49bd-9cdd-5b0b996b1590"}}
[debug] [2023-09-04T04:42:42.604Z] [update-default-us-central1-sendEmail] Retrying task index 0
[debug] [2023-09-04T04:42:42.606Z] >>> [apiv2][query] GET https://cloudfunctions.googleapis.com/v1/operations/d2VzdGxleS10d2VudGUtcG9ydGZvbGlvLXNpdGUvdXMtY2VudHJhbDEvc2VuZEVtYWlsL2R3MXZOQ3ZWVzdZ [none]
[debug] [2023-09-04T04:42:42.734Z] <<< [apiv2][status] GET https://cloudfunctions.googleapis.com/v1/operations/d2VzdGxleS10d2VudGUtcG9ydGZvbGlvLXNpdGUvdXMtY2VudHJhbDEvc2VuZEVtYWlsL2R3MXZOQ3ZWVzdZ 200
[debug] [2023-09-04T04:42:42.734Z] <<< [apiv2][body] GET https://cloudfunctions.googleapis.com/v1/operations/d2VzdGxleS10d2VudGUtcG9ydGZvbGlvLXNpdGUvdXMtY2VudHJhbDEvc2VuZEVtYWlsL2R3MXZOQ3ZWVzdZ {"name":"operations/d2VzdGxleS10d2VudGUtcG9ydGZvbGlvLXNpdGUvdXMtY2VudHJhbDEvc2VuZEVtYWlsL2R3MXZOQ3ZWVzdZ","metadata":{"@type":"type.googleapis.com/google.cloud.functions.v1.OperationMetadataV1","target":"projects/westley-twente-portfolio-site/locations/us-central1/functions/sendEmail","type":"UPDATE_FUNCTION","request":{"@type":"type.googleapis.com/google.cloud.functions.v1.CloudFunction","name":"projects/westley-twente-portfolio-site/locations/us-central1/functions/sendEmail","httpsTrigger":{"url":"https://us-central1-westley-twente-portfolio-site.cloudfunctions.net/sendEmail","securityLevel":"SECURE_ALWAYS"},"status":"ACTIVE","entryPoint":"sendEmail","updateTime":"2023-09-04T04:39:12.131Z","versionId":"1","labels":{"deployment-tool":"cli-firebase","firebase-functions-hash":"096ed4abd0d252b3fe64702a04301d5a3ed4cf51"},"sourceUploadUrl":"https://storage.googleapis.com/uploads-291788333037.us-central1.cloudfunctions.appspot.com/aafa896f-650b-4c55-8a91-65b207afec2a.zip?GoogleAccessId=service-194403437323@gcf-admin-robot.iam.gserviceaccount.com&Expires=1693804313&Signature=QG8KVK34vSRERCUsXPcFifpbtwNLzWqbNGo%2B5XnWetABwK%2B9Uq%2BSUjk6yAt96b8hSCbZWsueAop1WlTOVmoihu4gjB7FwdlDZ9rZ2D2Dh7WmQ5Pvf89aKAUneSE%2BCcZ6SeZsnnfNVs7TZFLb%2BqlZjWtSi5qOgpPc%2FSutJ3KA3o1YeaB0v45fPApylE9Z8mbb2j%2B%2BcxTupttdF20S1F9kLJeV1nEuub3FYp0%2BcrSUMHnLuPgGQgpI670TlTIsN3c%2FEi8qRiSx0%2BE%2FqyBKShcAVvScrZ1KECnxpF90zBdAAiv4QcoZ3Gb%2BiZ39cizE4z%2FJmTGdJPbGtgXFcVyfGoLfnA%3D%3D","environmentVariables":{"FIREBASE_CONFIG":"{\"projectId\":\"westley-twente-portfolio-site\",\"storageBucket\":\"westley-twente-portfolio-site.appspot.com\"}","GCLOUD_PROJECT":"westley-twente-portfolio-site","EVENTARC_CLOUD_EVENT_SOURCE":"projects/westley-twente-portfolio-site/locations/us-central1/functions/sendEmail"},"runtime":"nodejs18","buildId":"c150ec2d-5f0c-44bb-8157-e6af505c7a53","buildEnvironmentVariables":{"GOOGLE_NODE_RUN_SCRIPTS":""},"buildName":"projects/194403437323/locations/us-central1/builds/c150ec2d-5f0c-44bb-8157-e6af505c7a53","dockerRegistry":"ARTIFACT_REGISTRY"},"versionId":"2","updateTime":"2023-09-04T04:41:54Z","buildId":"4785928c-022a-49bd-9cdd-5b0b996b1590","sourceToken":"0b179b79-209a-4499-b8aa-5881f7a091b9","buildName":"projects/194403437323/locations/us-central1/builds/4785928c-022a-49bd-9cdd-5b0b996b1590"}}
[debug] [2023-09-04T04:42:42.736Z] Got source token 0b179b79-209a-4499-b8aa-5881f7a091b9 for region us-central1
[debug] [2023-09-04T04:42:52.742Z] [update-default-us-central1-sendEmail] Retrying task index 0
[debug] [2023-09-04T04:42:52.744Z] >>> [apiv2][query] GET https://cloudfunctions.googleapis.com/v1/operations/d2VzdGxleS10d2VudGUtcG9ydGZvbGlvLXNpdGUvdXMtY2VudHJhbDEvc2VuZEVtYWlsL2R3MXZOQ3ZWVzdZ [none]
[debug] [2023-09-04T04:42:52.877Z] <<< [apiv2][status] GET https://cloudfunctions.googleapis.com/v1/operations/d2VzdGxleS10d2VudGUtcG9ydGZvbGlvLXNpdGUvdXMtY2VudHJhbDEvc2VuZEVtYWlsL2R3MXZOQ3ZWVzdZ 200
[debug] [2023-09-04T04:42:52.878Z] <<< [apiv2][body] GET https://cloudfunctions.googleapis.com/v1/operations/d2VzdGxleS10d2VudGUtcG9ydGZvbGlvLXNpdGUvdXMtY2VudHJhbDEvc2VuZEVtYWlsL2R3MXZOQ3ZWVzdZ {"name":"operations/d2VzdGxleS10d2VudGUtcG9ydGZvbGlvLXNpdGUvdXMtY2VudHJhbDEvc2VuZEVtYWlsL2R3MXZOQ3ZWVzdZ","metadata":{"@type":"type.googleapis.com/google.cloud.functions.v1.OperationMetadataV1","target":"projects/westley-twente-portfolio-site/locations/us-central1/functions/sendEmail","type":"UPDATE_FUNCTION","request":{"@type":"type.googleapis.com/google.cloud.functions.v1.CloudFunction","name":"projects/westley-twente-portfolio-site/locations/us-central1/functions/sendEmail","httpsTrigger":{"url":"https://us-central1-westley-twente-portfolio-site.cloudfunctions.net/sendEmail","securityLevel":"SECURE_ALWAYS"},"status":"ACTIVE","entryPoint":"sendEmail","updateTime":"2023-09-04T04:39:12.131Z","versionId":"1","labels":{"deployment-tool":"cli-firebase","firebase-functions-hash":"096ed4abd0d252b3fe64702a04301d5a3ed4cf51"},"sourceUploadUrl":"https://storage.googleapis.com/uploads-291788333037.us-central1.cloudfunctions.appspot.com/aafa896f-650b-4c55-8a91-65b207afec2a.zip?GoogleAccessId=service-194403437323@gcf-admin-robot.iam.gserviceaccount.com&Expires=1693804313&Signature=QG8KVK34vSRERCUsXPcFifpbtwNLzWqbNGo%2B5XnWetABwK%2B9Uq%2BSUjk6yAt96b8hSCbZWsueAop1WlTOVmoihu4gjB7FwdlDZ9rZ2D2Dh7WmQ5Pvf89aKAUneSE%2BCcZ6SeZsnnfNVs7TZFLb%2BqlZjWtSi5qOgpPc%2FSutJ3KA3o1YeaB0v45fPApylE9Z8mbb2j%2B%2BcxTupttdF20S1F9kLJeV1nEuub3FYp0%2BcrSUMHnLuPgGQgpI670TlTIsN3c%2FEi8qRiSx0%2BE%2FqyBKShcAVvScrZ1KECnxpF90zBdAAiv4QcoZ3Gb%2BiZ39cizE4z%2FJmTGdJPbGtgXFcVyfGoLfnA%3D%3D","environmentVariables":{"FIREBASE_CONFIG":"{\"projectId\":\"westley-twente-portfolio-site\",\"storageBucket\":\"westley-twente-portfolio-site.appspot.com\"}","GCLOUD_PROJECT":"westley-twente-portfolio-site","EVENTARC_CLOUD_EVENT_SOURCE":"projects/westley-twente-portfolio-site/locations/us-central1/functions/sendEmail"},"runtime":"nodejs18","buildId":"c150ec2d-5f0c-44bb-8157-e6af505c7a53","buildEnvironmentVariables":{"GOOGLE_NODE_RUN_SCRIPTS":""},"buildName":"projects/194403437323/locations/us-central1/builds/c150ec2d-5f0c-44bb-8157-e6af505c7a53","dockerRegistry":"ARTIFACT_REGISTRY"},"versionId":"2","updateTime":"2023-09-04T04:42:46Z","buildId":"4785928c-022a-49bd-9cdd-5b0b996b1590","sourceToken":"0b179b79-209a-4499-b8aa-5881f7a091b9","buildName":"projects/194403437323/locations/us-central1/builds/4785928c-022a-49bd-9cdd-5b0b996b1590"},"done":true,"response":{"@type":"type.googleapis.com/google.cloud.functions.v1.CloudFunction","name":"projects/westley-twente-portfolio-site/locations/us-central1/functions/sendEmail","httpsTrigger":{"url":"https://us-central1-westley-twente-portfolio-site.cloudfunctions.net/sendEmail","securityLevel":"SECURE_ALWAYS"},"status":"ACTIVE","entryPoint":"sendEmail","timeout":"60s","availableMemoryMb":256,"serviceAccountEmail":"westley-twente-portfolio-site@appspot.gserviceaccount.com","updateTime":"2023-09-04T04:42:46.553Z","versionId":"2","labels":{"deployment-tool":"cli-firebase","firebase-functions-hash":"096ed4abd0d252b3fe64702a04301d5a3ed4cf51"},"sourceUploadUrl":"https://storage.googleapis.com/uploads-291788333037.us-central1.cloudfunctions.appspot.com/aafa896f-650b-4c55-8a91-65b207afec2a.zip","environmentVariables":{"FIREBASE_CONFIG":"{\"projectId\":\"westley-twente-portfolio-site\",\"storageBucket\":\"westley-twente-portfolio-site.appspot.com\"}","GCLOUD_PROJECT":"westley-twente-portfolio-site","EVENTARC_CLOUD_EVENT_SOURCE":"projects/westley-twente-portfolio-site/locations/us-central1/functions/sendEmail"},"runtime":"nodejs18","ingressSettings":"ALLOW_ALL","buildId":"4785928c-022a-49bd-9cdd-5b0b996b1590","buildEnvironmentVariables":{"GOOGLE_NODE_RUN_SCRIPTS":""},"buildName":"projects/194403437323/locations/us-central1/builds/4785928c-022a-49bd-9cdd-5b0b996b1590","dockerRegistry":"ARTIFACT_REGISTRY"}}
[debug] [2023-09-04T04:42:52.886Z] Got source token 0b179b79-209a-4499-b8aa-5881f7a091b9 for region us-central1
[info] +  functions[sendEmail(us-central1)] Successful update operation. 
[debug] [2023-09-04T04:42:52.892Z] Total Function Deployment time: 57412
[debug] [2023-09-04T04:42:52.892Z] 1 Functions Deployed
[debug] [2023-09-04T04:42:52.893Z] 0 Functions Errored
[debug] [2023-09-04T04:42:52.894Z] 0 Function Deployments Aborted
[debug] [2023-09-04T04:42:52.894Z] Average Function Deployment time: 57411
[info] Function URL (sendEmail(us-central1)): https://us-central1-westley-twente-portfolio-site.cloudfunctions.net/sendEmail
[info] i  functions: cleaning up build files... 
[debug] [2023-09-04T04:42:52.995Z] >>> [apiv2][query] DELETE https://artifactregistry.googleapis.com/v1beta2/projects/westley-twente-portfolio-site/locations/us-central1/repositories/gcf-artifacts/packages/send_email [none]
[debug] [2023-09-04T04:42:52.997Z] >>> [apiv2][query] GET https://us.gcr.io/v2/westley-twente-portfolio-site/gcf/us-central1/tags/list [none]
[debug] [2023-09-04T04:42:53.124Z] <<< [apiv2][status] DELETE https://artifactregistry.googleapis.com/v1beta2/projects/westley-twente-portfolio-site/locations/us-central1/repositories/gcf-artifacts/packages/send_email 200
[debug] [2023-09-04T04:42:53.126Z] <<< [apiv2][body] DELETE https://artifactregistry.googleapis.com/v1beta2/projects/westley-twente-portfolio-site/locations/us-central1/repositories/gcf-artifacts/packages/send_email {"name":"projects/westley-twente-portfolio-site/locations/us-central1/operations/43b2cfde-d049-46e5-b21e-2c5a2f1e5bce","metadata":{"@type":"type.googleapis.com/google.devtools.artifactregistry.v1beta2.OperationMetadata"}}
[debug] [2023-09-04T04:42:53.129Z] >>> [apiv2][query] GET https://artifactregistry.googleapis.com/v1beta2/projects/westley-twente-portfolio-site/locations/us-central1/operations/43b2cfde-d049-46e5-b21e-2c5a2f1e5bce [none]
[debug] [2023-09-04T04:42:53.253Z] <<< [apiv2][status] GET https://artifactregistry.googleapis.com/v1beta2/projects/westley-twente-portfolio-site/locations/us-central1/operations/43b2cfde-d049-46e5-b21e-2c5a2f1e5bce 200
[debug] [2023-09-04T04:42:53.255Z] <<< [apiv2][body] GET https://artifactregistry.googleapis.com/v1beta2/projects/westley-twente-portfolio-site/locations/us-central1/operations/43b2cfde-d049-46e5-b21e-2c5a2f1e5bce {"name":"projects/westley-twente-portfolio-site/locations/us-central1/operations/43b2cfde-d049-46e5-b21e-2c5a2f1e5bce","metadata":{"@type":"type.googleapis.com/google.devtools.artifactregistry.v1beta2.OperationMetadata"},"done":true,"response":{"@type":"type.googleapis.com/google.protobuf.Empty"}}
[debug] [2023-09-04T04:42:53.610Z] <<< [apiv2][status] GET https://us.gcr.io/v2/westley-twente-portfolio-site/gcf/us-central1/tags/list 200
[debug] [2023-09-04T04:42:53.612Z] <<< [apiv2][body] GET https://us.gcr.io/v2/westley-twente-portfolio-site/gcf/us-central1/tags/list {"child":[],"manifest":{},"name":"westley-twente-portfolio-site/gcf/us-central1","tags":[]}
[debug] [2023-09-04T04:42:53.614Z] Could not find image for function projects/westley-twente-portfolio-site/locations/us-central1/functions/sendEmail
[info] 
[info] +  Deploy complete! 
[info] 
[info] Project Console: https://console.firebase.google.com/project/westley-twente-portfolio-site/overview
